<?xml version="1.0" encoding="UTF-8"?>
<!-- Generated by org.testng.reporters.JUnitReportReporter -->
<testsuite hostname="DESKTOP-LFDAFUI" failures="0" tests="4" name="api.test.UserTestProp" time="5.928" errors="0" timestamp="2023-08-27T22:56:17 IST" skipped="0">
  <testcase classname="api.test.UserTestProp" name="testPostUser" time="1.202"/>
  <system-out/>
  <testcase classname="api.test.UserTestProp" name="testGetUserByName" time="1.200"/>
  <system-out/>
  <testcase classname="api.test.UserTestProp" name="testUpdateUserName" time="2.363"/>
  <system-out/>
  <testcase classname="api.test.UserTestProp" name="testDeleteUserByName" time="1.163"/>
  <system-out/>
</testsuite> <!-- api.test.UserTestProp -->
