<?xml version="1.0" encoding="UTF-8"?>
<!-- Generated by org.testng.reporters.JUnitReportReporter -->
<testsuite hostname="DESKTOP-LFDAFUI" failures="0" tests="4" name="api.test.UserTest" time="5.945" errors="0" timestamp="2023-08-27T22:56:17 IST" skipped="0">
  <testcase classname="api.test.UserTest" name="testPostUser" time="1.219"/>
  <system-out/>
  <testcase classname="api.test.UserTest" name="testGetUserByName" time="1.130"/>
  <system-out/>
  <testcase classname="api.test.UserTest" name="testUpdateUserName" time="2.434"/>
  <system-out/>
  <testcase classname="api.test.UserTest" name="testDeleteUserByName" time="1.162"/>
  <system-out/>
</testsuite> <!-- api.test.UserTest -->
