<?xml version="1.0" encoding="UTF-8"?>
<!-- Generated by org.testng.reporters.JUnitReportReporter -->
<testsuite hostname="DESKTOP-LFDAFUI" failures="0" tests="6" name="api.test.DataDrivenTest" time="9.700" errors="0" timestamp="2023-08-27T22:56:17 IST" skipped="0">
  <testcase classname="api.test.DataDrivenTest" name="testPostUser" time="3.600"/>
  <system-out/>
  <testcase classname="api.test.DataDrivenTest" name="testPostUser" time="1.300"/>
  <system-out/>
  <testcase classname="api.test.DataDrivenTest" name="testPostUser" time="1.216"/>
  <system-out/>
  <testcase classname="api.test.DataDrivenTest" name="testDeleteUserByName" time="1.205"/>
  <system-out/>
  <testcase classname="api.test.DataDrivenTest" name="testDeleteUserByName" time="1.156"/>
  <system-out/>
  <testcase classname="api.test.DataDrivenTest" name="testDeleteUserByName" time="1.223"/>
  <system-out/>
</testsuite> <!-- api.test.DataDrivenTest -->
